make --dry-run --always-make --keep-going --print-directory
make: Entering directory '/home/jinyoung/NST_42/42'
gcc -Wall -Wshadow -Wno-deprecated -g   -I ./Kit//include/GL/  -I ./Include/ -I ./Kit/Include/ -I ./Kit/Source/  -O0  -D _USE_GUI_ -D _USE_SHADERS_   -D _USE_GSFC_WATERMARK_   -D _USE_GLFW_ -c ./Source/42main.c -o ./Object/42main.o
gcc -Wall -Wshadow -Wno-deprecated -g   -I ./Kit//include/GL/  -I ./Include/ -I ./Kit/Include/ -I ./Kit/Source/  -O0  -D _USE_GUI_ -D _USE_SHADERS_   -D _USE_GSFC_WATERMARK_   -D _USE_GLFW_ -c ./Source/42exec.c -o ./Object/42exec.o
gcc -Wall -Wshadow -Wno-deprecated -g   -I ./Kit//include/GL/  -I ./Include/ -I ./Kit/Include/ -I ./Kit/Source/  -O0  -D _USE_GUI_ -D _USE_SHADERS_   -D _USE_GSFC_WATERMARK_   -D _USE_GLFW_ -c ./Source/42actuators.c -o ./Object/42actuators.o
gcc -Wall -Wshadow -Wno-deprecated -g   -I ./Kit//include/GL/  -I ./Include/ -I ./Kit/Include/ -I ./Kit/Source/  -O0  -D _USE_GUI_ -D _USE_SHADERS_   -D _USE_GSFC_WATERMARK_   -D _USE_GLFW_ -c ./Source/42cmd.c -o ./Object/42cmd.o
gcc -Wall -Wshadow -Wno-deprecated -g   -I ./Kit//include/GL/  -I ./Include/ -I ./Kit/Include/ -I ./Kit/Source/  -O0  -D _USE_GUI_ -D _USE_SHADERS_   -D _USE_GSFC_WATERMARK_   -D _USE_GLFW_ -c ./Source/42dynamics.c -o ./Object/42dynamics.o
gcc -Wall -Wshadow -Wno-deprecated -g   -I ./Kit//include/GL/  -I ./Include/ -I ./Kit/Include/ -I ./Kit/Source/  -O0  -D _USE_GUI_ -D _USE_SHADERS_   -D _USE_GSFC_WATERMARK_   -D _USE_GLFW_ -c ./Source/42environs.c -o ./Object/42environs.o
gcc -Wall -Wshadow -Wno-deprecated -g   -I ./Kit//include/GL/  -I ./Include/ -I ./Kit/Include/ -I ./Kit/Source/  -O0  -D _USE_GUI_ -D _USE_SHADERS_   -D _USE_GSFC_WATERMARK_   -D _USE_GLFW_ -c ./Source/42ephem.c -o ./Object/42ephem.o
gcc -Wall -Wshadow -Wno-deprecated -g   -I ./Kit//include/GL/  -I ./Include/ -I ./Kit/Include/ -I ./Kit/Source/  -O0  -D _USE_GUI_ -D _USE_SHADERS_   -D _USE_GSFC_WATERMARK_   -D _USE_GLFW_ -c ./Source/42fsw.c -o ./Object/42fsw.o
gcc -Wall -Wshadow -Wno-deprecated -g   -I ./Kit//include/GL/  -I ./Include/ -I ./Kit/Include/ -I ./Kit/Source/  -O0  -D _USE_GUI_ -D _USE_SHADERS_   -D _USE_GSFC_WATERMARK_   -D _USE_GLFW_ -c ./Source/42init.c -o ./Object/42init.o
gcc -Wall -Wshadow -Wno-deprecated -g   -I ./Kit//include/GL/  -I ./Include/ -I ./Kit/Include/ -I ./Kit/Source/  -O0  -D _USE_GUI_ -D _USE_SHADERS_   -D _USE_GSFC_WATERMARK_   -D _USE_GLFW_ -c ./Source/42ipc.c -o ./Object/42ipc.o
gcc -Wall -Wshadow -Wno-deprecated -g   -I ./Kit//include/GL/  -I ./Include/ -I ./Kit/Include/ -I ./Kit/Source/  -O0  -D _USE_GUI_ -D _USE_SHADERS_   -D _USE_GSFC_WATERMARK_   -D _USE_GLFW_ -c ./Source/42perturb.c -o ./Object/42perturb.o
gcc -Wall -Wshadow -Wno-deprecated -g   -I ./Kit//include/GL/  -I ./Include/ -I ./Kit/Include/ -I ./Kit/Source/  -O0  -D _USE_GUI_ -D _USE_SHADERS_   -D _USE_GSFC_WATERMARK_   -D _USE_GLFW_ -c ./Source/42report.c -o ./Object/42report.o
gcc -Wall -Wshadow -Wno-deprecated -g   -I ./Kit//include/GL/  -I ./Include/ -I ./Kit/Include/ -I ./Kit/Source/  -O0  -D _USE_GUI_ -D _USE_SHADERS_   -D _USE_GSFC_WATERMARK_   -D _USE_GLFW_ -c ./Source/42sensors.c -o ./Object/42sensors.o
gcc -Wall -Wshadow -Wno-deprecated -g   -I ./Kit//include/GL/  -I ./Include/ -I ./Kit/Include/ -I ./Kit/Source/  -O0  -D _USE_GUI_ -D _USE_SHADERS_   -D _USE_GSFC_WATERMARK_   -D _USE_GLFW_ -c ./Source/42nos3.c -o ./Object/42nos3.o
gcc -Wall -Wshadow -Wno-deprecated -g   -I ./Kit//include/GL/  -I ./Include/ -I ./Kit/Include/ -I ./Kit/Source/  -O0  -D _USE_GUI_ -D _USE_SHADERS_   -D _USE_GSFC_WATERMARK_   -D _USE_GLFW_ -c ./Source/42GlutGui.c -o ./Object/42GlutGui.o
gcc -Wall -Wshadow -Wno-deprecated -g   -I ./Kit//include/GL/  -I ./Include/ -I ./Kit/Include/ -I ./Kit/Source/  -O0  -D _USE_GUI_ -D _USE_SHADERS_   -D _USE_GSFC_WATERMARK_   -D _USE_GLFW_ -c ./Kit/Source/glkit.c -o ./Object/glkit.o
gcc -Wall -Wshadow -Wno-deprecated -g   -I ./Kit//include/GL/  -I ./Include/ -I ./Kit/Include/ -I ./Kit/Source/  -O0  -D _USE_GUI_ -D _USE_SHADERS_   -D _USE_GSFC_WATERMARK_   -D _USE_GLFW_ -c ./Source/IPC/SimWriteToFile.c -o ./Object/SimWriteToFile.o
gcc -Wall -Wshadow -Wno-deprecated -g   -I ./Kit//include/GL/  -I ./Include/ -I ./Kit/Include/ -I ./Kit/Source/  -O0  -D _USE_GUI_ -D _USE_SHADERS_   -D _USE_GSFC_WATERMARK_   -D _USE_GLFW_ -c ./Source/IPC/SimWriteToSocket.c -o ./Object/SimWriteToSocket.o
gcc -Wall -Wshadow -Wno-deprecated -g   -I ./Kit//include/GL/  -I ./Include/ -I ./Kit/Include/ -I ./Kit/Source/  -O0  -D _USE_GUI_ -D _USE_SHADERS_   -D _USE_GSFC_WATERMARK_   -D _USE_GLFW_ -c ./Source/IPC/SimReadFromFile.c -o ./Object/SimReadFromFile.o
gcc -Wall -Wshadow -Wno-deprecated -g   -I ./Kit//include/GL/  -I ./Include/ -I ./Kit/Include/ -I ./Kit/Source/  -O0  -D _USE_GUI_ -D _USE_SHADERS_   -D _USE_GSFC_WATERMARK_   -D _USE_GLFW_ -c ./Source/IPC/SimReadFromSocket.c -o ./Object/SimReadFromSocket.o
gcc -Wall -Wshadow -Wno-deprecated -g   -I ./Kit//include/GL/  -I ./Include/ -I ./Kit/Include/ -I ./Kit/Source/  -O0  -D _USE_GUI_ -D _USE_SHADERS_   -D _USE_GSFC_WATERMARK_   -D _USE_GLFW_ -c ./Kit/Source/dcmkit.c -o ./Object/dcmkit.o
gcc -Wall -Wshadow -Wno-deprecated -g   -I ./Kit//include/GL/  -I ./Include/ -I ./Kit/Include/ -I ./Kit/Source/  -O0  -D _USE_GUI_ -D _USE_SHADERS_   -D _USE_GSFC_WATERMARK_   -D _USE_GLFW_ -c ./Kit/Source/envkit.c -o ./Object/envkit.o
gcc -Wall -Wshadow -Wno-deprecated -g   -I ./Kit//include/GL/  -I ./Include/ -I ./Kit/Include/ -I ./Kit/Source/  -O0  -D _USE_GUI_ -D _USE_SHADERS_   -D _USE_GSFC_WATERMARK_   -D _USE_GLFW_ -c ./Kit/Source/fswkit.c -o ./Object/fswkit.o
gcc -Wall -Wshadow -Wno-deprecated -g   -I ./Kit//include/GL/  -I ./Include/ -I ./Kit/Include/ -I ./Kit/Source/  -O0  -D _USE_GUI_ -D _USE_SHADERS_   -D _USE_GSFC_WATERMARK_   -D _USE_GLFW_ -c ./Kit/Source/geomkit.c -o ./Object/geomkit.o
gcc -Wall -Wshadow -Wno-deprecated -g   -I ./Kit//include/GL/  -I ./Include/ -I ./Kit/Include/ -I ./Kit/Source/  -O0  -D _USE_GUI_ -D _USE_SHADERS_   -D _USE_GSFC_WATERMARK_   -D _USE_GLFW_ -c ./Kit/Source/iokit.c -o ./Object/iokit.o
gcc -Wall -Wshadow -Wno-deprecated -g   -I ./Kit//include/GL/  -I ./Include/ -I ./Kit/Include/ -I ./Kit/Source/  -O0  -D _USE_GUI_ -D _USE_SHADERS_   -D _USE_GSFC_WATERMARK_   -D _USE_GLFW_ -c ./Kit/Source/mathkit.c -o ./Object/mathkit.o
gcc -Wall -Wshadow -Wno-deprecated -g   -I ./Kit//include/GL/  -I ./Include/ -I ./Kit/Include/ -I ./Kit/Source/  -O0  -D _USE_GUI_ -D _USE_SHADERS_   -D _USE_GSFC_WATERMARK_   -D _USE_GLFW_ -c ./Kit/Source/nrlmsise00kit.c -o ./Object/nrlmsise00kit.o
gcc -Wall -Wshadow -Wno-deprecated -g   -I ./Kit//include/GL/  -I ./Include/ -I ./Kit/Include/ -I ./Kit/Source/  -O0  -D _USE_GUI_ -D _USE_SHADERS_   -D _USE_GSFC_WATERMARK_   -D _USE_GLFW_ -c ./Kit/Source/msis86kit.c -o ./Object/msis86kit.o
gcc -Wall -Wshadow -Wno-deprecated -g   -I ./Kit//include/GL/  -I ./Include/ -I ./Kit/Include/ -I ./Kit/Source/  -O0  -D _USE_GUI_ -D _USE_SHADERS_   -D _USE_GSFC_WATERMARK_   -D _USE_GLFW_ -c ./Kit/Source/orbkit.c -o ./Object/orbkit.o
gcc -Wall -Wshadow -Wno-deprecated -g   -I ./Kit//include/GL/  -I ./Include/ -I ./Kit/Include/ -I ./Kit/Source/  -O0  -D _USE_GUI_ -D _USE_SHADERS_   -D _USE_GSFC_WATERMARK_   -D _USE_GLFW_ -c ./Kit/Source/radbeltkit.c -o ./Object/radbeltkit.o
gcc -Wall -Wshadow -Wno-deprecated -g   -I ./Kit//include/GL/  -I ./Include/ -I ./Kit/Include/ -I ./Kit/Source/  -O0  -D _USE_GUI_ -D _USE_SHADERS_   -D _USE_GSFC_WATERMARK_   -D _USE_GLFW_ -c ./Kit/Source/sigkit.c -o ./Object/sigkit.o
gcc -Wall -Wshadow -Wno-deprecated -g   -I ./Kit//include/GL/  -I ./Include/ -I ./Kit/Include/ -I ./Kit/Source/  -O0  -D _USE_GUI_ -D _USE_SHADERS_   -D _USE_GSFC_WATERMARK_   -D _USE_GLFW_ -c ./Kit/Source/sphkit.c -o ./Object/sphkit.o
gcc -Wall -Wshadow -Wno-deprecated -g   -I ./Kit//include/GL/  -I ./Include/ -I ./Kit/Include/ -I ./Kit/Source/  -O0  -D _USE_GUI_ -D _USE_SHADERS_   -D _USE_GSFC_WATERMARK_   -D _USE_GLFW_ -c ./Kit/Source/timekit.c -o ./Object/timekit.o
gcc -Wall -Wshadow -Wno-deprecated -g   -I ./Kit//include/GL/  -I ./Include/ -I ./Kit/Include/ -I ./Kit/Source/  -O0  -D _USE_GUI_ -D _USE_SHADERS_   -D _USE_GSFC_WATERMARK_   -D _USE_GLFW_ -c ./Source/AcApp.c -o ./Object/AcApp.o
gcc -L ./Kit//GL/lib/  -o 42 ./Object/42main.o ./Object/42exec.o ./Object/42actuators.o ./Object/42cmd.o ./Object/42dynamics.o ./Object/42environs.o ./Object/42ephem.o ./Object/42fsw.o ./Object/42init.o ./Object/42ipc.o ./Object/42perturb.o ./Object/42report.o ./Object/42sensors.o ./Object/42nos3.o ./Object/42GlutGui.o ./Object/glkit.o   ./Object/dcmkit.o ./Object/envkit.o ./Object/fswkit.o ./Object/geomkit.o ./Object/iokit.o ./Object/mathkit.o ./Object/nrlmsise00kit.o ./Object/msis86kit.o ./Object/orbkit.o ./Object/radbeltkit.o ./Object/sigkit.o ./Object/sphkit.o ./Object/timekit.o ./Object/AcApp.o  ./Object/SimWriteToFile.o ./Object/SimWriteToSocket.o ./Object/SimReadFromFile.o ./Object/SimReadFromSocket.o  -lglut -lGLU -lGL -ldl -lm -lpthread 
make: Leaving directory '/home/jinyoung/NST_42/42'
 
